[35m[1mScanning dependencies of target _rosi_defy_generate_messages_check_deps_RosiMovementArray[0m
[35m[1mScanning dependencies of target _rosi_defy_generate_messages_check_deps_RosiMovement[0m
[35m[1mScanning dependencies of target _rosi_defy_generate_messages_check_deps_HokuyoReading[0m
[35m[1mScanning dependencies of target std_msgs_generate_messages_cpp[0m
[35m[1mScanning dependencies of target _rosi_defy_generate_messages_check_deps_ManipulatorJoints[0m
[35m[1mScanning dependencies of target std_msgs_generate_messages_eus[0m
[35m[1mScanning dependencies of target std_msgs_generate_messages_py[0m
[  0%] Built target std_msgs_generate_messages_cpp
[  0%] Built target std_msgs_generate_messages_py
[  0%] Built target std_msgs_generate_messages_eus
[35m[1mScanning dependencies of target std_msgs_generate_messages_nodejs[0m
[  0%] Built target _rosi_defy_generate_messages_check_deps_RosiMovementArray
[  0%] Built target _rosi_defy_generate_messages_check_deps_RosiMovement
[  0%] Built target std_msgs_generate_messages_nodejs
[  0%] Built target _rosi_defy_generate_messages_check_deps_HokuyoReading
[35m[1mScanning dependencies of target std_msgs_generate_messages_lisp[0m
[  0%] Built target _rosi_defy_generate_messages_check_deps_ManipulatorJoints
[  0%] Built target std_msgs_generate_messages_lisp
[35m[1mScanning dependencies of target rosi_defy_generate_messages_cpp[0m
[  4%] [34m[1mGenerating C++ code from rosi_defy/RosiMovementArray.msg[0m
[  9%] [34m[1mGenerating C++ code from rosi_defy/ManipulatorJoints.msg[0m
[ 13%] [34m[1mGenerating C++ code from rosi_defy/HokuyoReading.msg[0m
[35m[1mScanning dependencies of target rosi_defy_generate_messages_eus[0m
[ 18%] [34m[1mGenerating EusLisp code from rosi_defy/RosiMovementArray.msg[0m
[ 22%] [34m[1mGenerating C++ code from rosi_defy/RosiMovement.msg[0m
[ 27%] [34m[1mGenerating EusLisp code from rosi_defy/ManipulatorJoints.msg[0m
[ 27%] Built target rosi_defy_generate_messages_cpp
[35m[1mScanning dependencies of target rosi_defy_generate_messages_py[0m
[ 31%] [34m[1mGenerating EusLisp code from rosi_defy/HokuyoReading.msg[0m
[ 36%] [34m[1mGenerating Python from MSG rosi_defy/RosiMovementArray[0m
[35m[1mScanning dependencies of target rosi_defy_generate_messages_nodejs[0m
[ 40%] [34m[1mGenerating EusLisp code from rosi_defy/RosiMovement.msg[0m
[ 45%] [34m[1mGenerating Javascript code from rosi_defy/RosiMovementArray.msg[0m
[ 50%] [34m[1mGenerating Javascript code from rosi_defy/ManipulatorJoints.msg[0m
[ 54%] [34m[1mGenerating Python from MSG rosi_defy/ManipulatorJoints[0m
[ 59%] [34m[1mGenerating Javascript code from rosi_defy/HokuyoReading.msg[0m
[ 63%] [34m[1mGenerating EusLisp manifest code for rosi_defy[0m
[ 68%] [34m[1mGenerating Javascript code from rosi_defy/RosiMovement.msg[0m
[35m[1mScanning dependencies of target rosi_defy_generate_messages_lisp[0m
[ 68%] Built target rosi_defy_generate_messages_nodejs
[ 72%] [34m[1mGenerating Lisp code from rosi_defy/RosiMovementArray.msg[0m
[ 77%] [34m[1mGenerating Python from MSG rosi_defy/HokuyoReading[0m
[ 81%] [34m[1mGenerating Lisp code from rosi_defy/ManipulatorJoints.msg[0m
[ 86%] [34m[1mGenerating Lisp code from rosi_defy/HokuyoReading.msg[0m
[ 90%] [34m[1mGenerating Python from MSG rosi_defy/RosiMovement[0m
[ 95%] [34m[1mGenerating Lisp code from rosi_defy/RosiMovement.msg[0m
[ 95%] Built target rosi_defy_generate_messages_lisp
[100%] [34m[1mGenerating Python msg __init__.py for rosi_defy[0m
[100%] Built target rosi_defy_generate_messages_py
[100%] Built target rosi_defy_generate_messages_eus
[35m[1mScanning dependencies of target rosi_defy_generate_messages[0m
[100%] Built target rosi_defy_generate_messages
