Symlinking /home/rosichallenge/catkin_ws/devel/lib/python2.7/dist-packages/rosi_defy/__init__.py
Symlinking /home/rosichallenge/catkin_ws/devel/lib/python2.7/dist-packages/rosi_defy/msg/_HokuyoReading.py
Symlinking /home/rosichallenge/catkin_ws/devel/lib/python2.7/dist-packages/rosi_defy/msg/_ManipulatorJoints.py
Symlinking /home/rosichallenge/catkin_ws/devel/lib/python2.7/dist-packages/rosi_defy/msg/_RosiMovement.py
Symlinking /home/rosichallenge/catkin_ws/devel/lib/python2.7/dist-packages/rosi_defy/msg/__init__.py
Symlinking /home/rosichallenge/catkin_ws/devel/lib/python2.7/dist-packages/rosi_defy/msg/_RosiMovementArray.py
Symlinking /home/rosichallenge/catkin_ws/devel/lib/pkgconfig/rosi_defy.pc
Symlinking /home/rosichallenge/catkin_ws/devel/share/roseus/ros/rosi_defy/manifest.l
Symlinking /home/rosichallenge/catkin_ws/devel/share/roseus/ros/rosi_defy/msg/HokuyoReading.l
Symlinking /home/rosichallenge/catkin_ws/devel/share/roseus/ros/rosi_defy/msg/RosiMovement.l
Symlinking /home/rosichallenge/catkin_ws/devel/share/roseus/ros/rosi_defy/msg/RosiMovementArray.l
Symlinking /home/rosichallenge/catkin_ws/devel/share/roseus/ros/rosi_defy/msg/ManipulatorJoints.l
Symlinking /home/rosichallenge/catkin_ws/devel/share/rosi_defy/cmake/rosi_defy-msg-extras.cmake
Symlinking /home/rosichallenge/catkin_ws/devel/share/rosi_defy/cmake/rosi_defyConfig-version.cmake
Symlinking /home/rosichallenge/catkin_ws/devel/share/rosi_defy/cmake/rosi_defy-msg-paths.cmake
Symlinking /home/rosichallenge/catkin_ws/devel/share/rosi_defy/cmake/rosi_defyConfig.cmake
Symlinking /home/rosichallenge/catkin_ws/devel/share/common-lisp/ros/rosi_defy/msg/_package_RosiMovementArray.lisp
Symlinking /home/rosichallenge/catkin_ws/devel/share/common-lisp/ros/rosi_defy/msg/HokuyoReading.lisp
Symlinking /home/rosichallenge/catkin_ws/devel/share/common-lisp/ros/rosi_defy/msg/_package_HokuyoReading.lisp
Symlinking /home/rosichallenge/catkin_ws/devel/share/common-lisp/ros/rosi_defy/msg/_package_RosiMovement.lisp
Symlinking /home/rosichallenge/catkin_ws/devel/share/common-lisp/ros/rosi_defy/msg/RosiMovement.lisp
Symlinking /home/rosichallenge/catkin_ws/devel/share/common-lisp/ros/rosi_defy/msg/RosiMovementArray.lisp
Symlinking /home/rosichallenge/catkin_ws/devel/share/common-lisp/ros/rosi_defy/msg/rosi_defy-msg.asd
Symlinking /home/rosichallenge/catkin_ws/devel/share/common-lisp/ros/rosi_defy/msg/ManipulatorJoints.lisp
Symlinking /home/rosichallenge/catkin_ws/devel/share/common-lisp/ros/rosi_defy/msg/_package.lisp
Symlinking /home/rosichallenge/catkin_ws/devel/share/common-lisp/ros/rosi_defy/msg/_package_ManipulatorJoints.lisp
Symlinking /home/rosichallenge/catkin_ws/devel/share/gennodejs/ros/rosi_defy/_index.js
Symlinking /home/rosichallenge/catkin_ws/devel/share/gennodejs/ros/rosi_defy/msg/HokuyoReading.js
Symlinking /home/rosichallenge/catkin_ws/devel/share/gennodejs/ros/rosi_defy/msg/_index.js
Symlinking /home/rosichallenge/catkin_ws/devel/share/gennodejs/ros/rosi_defy/msg/RosiMovement.js
Symlinking /home/rosichallenge/catkin_ws/devel/share/gennodejs/ros/rosi_defy/msg/ManipulatorJoints.js
Symlinking /home/rosichallenge/catkin_ws/devel/share/gennodejs/ros/rosi_defy/msg/RosiMovementArray.js
Symlinking /home/rosichallenge/catkin_ws/devel/include/rosi_defy/RosiMovement.h
Symlinking /home/rosichallenge/catkin_ws/devel/include/rosi_defy/HokuyoReading.h
Symlinking /home/rosichallenge/catkin_ws/devel/include/rosi_defy/ManipulatorJoints.h
Symlinking /home/rosichallenge/catkin_ws/devel/include/rosi_defy/RosiMovementArray.h
